Arguments: 
  /usr/local/bin/node /usr/local/Cellar/yarn/1.5.1_1/libexec/bin/yarn.js build

PATH: 
  /usr/local/bin:/usr/bin:/bin:/usr/sbin:/sbin:/usr/local/share/dotnet:/Library/Frameworks/Mono.framework/Versions/Current/Commands:/Applications/Xamarin Workbooks.app/Contents/SharedSupport/path-bin

Yarn version: 
  1.5.1

Node version: 
  8.9.4

Platform: 
  darwin x64

npm manifest: 
  {
    "name": "TaskTracker",
    "version": "0.0.1",
    "description": "Task Chain Tracking Application",
    "private": true,
    "author": "Kyle Becker, Zach Miller, Cole Waltz",
    "main": "bin/www",
    "repository": {
      "type": "git",
      "url": "https://github.com/kmbecker/TaskTracker.git"
    },
    "scripts": {
      "start": "node bin/www",
      "build": "run-s webpack:prod node:prod",
      "dev": "run-p webpack:dev node:dev",
      "webpack:prod": "webpack -p",
      "webpack:dev": "webpack --watch",
      "node:prod": "cross-env NODE_ENV=production node bin/www",
      "node:dev": "nodemon bin/www --watch build"
    },
    "dependencies": {
      "ajv": "^6.2.1",
      "bluebird": "^3.5.1",
      "body-parser": "^1.18.2",
      "connect-flash": "^0.1.1",
      "connect-mongo": "^1.3.2",
      "cookie-parser": "^1.4.3",
      "debug": "^2.6.8",
      "dotenv": "^4.0.0",
      "eslint": "^4.18.2",
      "express": "^4.16.2",
      "express-session": "^1.15.6",
      "is-typedarray": "^1.0.0",
      "moment": "^2.19.3",
      "moment-timezone": "^0.5.13",
      "mongoose": "^4.13.11",
      "mongoose-timestamp": "^0.6.0",
      "morgan": "^1.9.0",
      "npm-run-all": "^4.1.1",
      "passport": "^0.3.2",
      "passport-local": "^1.0.0",
      "passport-local-mongoose": "^4.0.0",
      "pug": "^2.0.0-rc.3",
      "serve-favicon": "^2.4.5"
    },
    "devDependencies": {
      "babel-core": "^6.25.0",
      "babel-loader": "^7.1.1",
      "babel-preset-latest": "^6.22.0",
      "babel-preset-react": "^6.24.1",
      "browser-sync": "^2.23.6",
      "cross-env": "^5.0.3",
      "css-loader": "^0.28.4",
      "nodemon": "^1.11.0",
      "react": "^15.6.1",
      "react-dom": "^15.6.1",
      "react-refetch": "^1.0.0",
      "react-spinkit": "^3.0.0",
      "style-loader": "^0.18.2",
      "webpack": "^3.4.1"
    }
  }

yarn manifest: 
  No manifest

Lockfile: 
  No lockfile

Trace: 
  Error: Command failed.
  Exit code: 1
  Command: sh
  Arguments: -c run-s webpack:prod node:prod
  Directory: /Users/kylebecker/Desktop/TaskTrack
  Output:
  
      at ProcessTermError.MessageError (/usr/local/Cellar/yarn/1.5.1_1/libexec/lib/cli.js:186:110)
      at new ProcessTermError (/usr/local/Cellar/yarn/1.5.1_1/libexec/lib/cli.js:226:113)
      at ChildProcess.<anonymous> (/usr/local/Cellar/yarn/1.5.1_1/libexec/lib/cli.js:30281:17)
      at emitTwo (events.js:126:13)
      at ChildProcess.emit (events.js:214:7)
      at maybeClose (internal/child_process.js:925:16)
      at Process.ChildProcess._handle.onexit (internal/child_process.js:209:5)
